Flow report for Kvazaar_IP_acc_Camera
Sat Apr 10 17:28:09 2021
Quartus Prime Version 16.0.0 Build 211 04/27/2016 SJ Standard Edition


---------------------
; Table of Contents ;
---------------------
  1. Legal Notice
  2. Flow Summary
  3. Flow Settings
  4. Flow Non-Default Global Settings
  5. Flow Elapsed Time
  6. Flow OS Summary
  7. Flow Log
  8. Flow Messages
  9. Flow Suppressed Messages



----------------
; Legal Notice ;
----------------
Copyright (C) 1991-2016 Altera Corporation. All rights reserved.
Your use of Altera Corporation's design tools, logic functions 
and other software and tools, and its AMPP partner logic 
functions, and any output files from any of the foregoing 
(including device programming or simulation files), and any 
associated documentation or information are expressly subject 
to the terms and conditions of the Altera Program License 
Subscription Agreement, the Altera Quartus Prime License Agreement,
the Altera MegaCore Function License Agreement, or other 
applicable license agreement, including, without limitation, 
that your use is for the sole purpose of programming logic 
devices manufactured by Altera and sold by Altera or its 
authorized distributors.  Please refer to the applicable 
agreement for further details.



+-------------------------------------------------------------------------------+
; Flow Summary                                                                  ;
+-----------------------------+-------------------------------------------------+
; Flow Status                 ; Flow Failed - Sat Apr 10 17:28:09 2021          ;
; Quartus Prime Version       ; 16.0.0 Build 211 04/27/2016 SJ Standard Edition ;
; Revision Name               ; Kvazaar_IP_acc_Camera                           ;
; Top-level Entity Name       ; Kvazaar_IP_acc_Camera                           ;
; Family                      ; Cyclone V                                       ;
; Device                      ; 5CSXFC6D6F31C6                                  ;
; Timing Models               ; Final                                           ;
; Logic utilization (in ALMs) ; N/A until Partition Merge                       ;
; Total registers             ; N/A until Partition Merge                       ;
; Total pins                  ; N/A until Partition Merge                       ;
; Total virtual pins          ; N/A until Partition Merge                       ;
; Total block memory bits     ; N/A until Partition Merge                       ;
; Total PLLs                  ; N/A until Partition Merge                       ;
; Total DLLs                  ; N/A until Partition Merge                       ;
+-----------------------------+-------------------------------------------------+


+-------------------------------------------+
; Flow Settings                             ;
+-------------------+-----------------------+
; Option            ; Setting               ;
+-------------------+-----------------------+
; Start date & time ; 04/10/2021 17:27:46   ;
; Main task         ; Compilation           ;
; Revision Name     ; Kvazaar_IP_acc_Camera ;
+-------------------+-----------------------+


+----------------------------------------------------------------------------------------------------------------------------------------------------------------------------------------------------------------------------------------------------------------------------------------------------------+
; Flow Non-Default Global Settings                                                                                                                                                                                                                                                                         ;
+--------------------------------------+-----------------------------------------------------------------------------------------------------------------------------------------------------------------------------------------------------------------------+---------------+--------------+------------+
; Assignment Name                      ; Value                                                                                                                                                                                                                 ; Default Value ; Entity Name  ; Section Id ;
+--------------------------------------+-----------------------------------------------------------------------------------------------------------------------------------------------------------------------------------------------------------------------+---------------+--------------+------------+
; COMPILER_SIGNATURE_ID                ; 53447164100952.161806486610892                                                                                                                                                                                        ; --            ; --           ; --         ;
; FITTER_EFFORT                        ; Standard Fit                                                                                                                                                                                                          ; Auto Fit      ; --           ; --         ;
; MAX_CORE_JUNCTION_TEMP               ; 85                                                                                                                                                                                                                    ; --            ; --           ; --         ;
; MIN_CORE_JUNCTION_TEMP               ; 0                                                                                                                                                                                                                     ; --            ; --           ; --         ;
; MISC_FILE                            ; P:/shared_p/5/TUNI.fi/ip.hw/Kvazaar_QSYS/1.0_student/../../../product/Kvazaar_IP_acc_Camera/1.0_student/quartus_project/Kvazaar_QSYS/synthesis/../Kvazaar_QSYS.cmp                                                    ; --            ; --           ; --         ;
; MISC_FILE                            ; P:/shared_p/5/TUNI.fi/ip.hw/Kvazaar_QSYS/1.0_student/../../../product/Kvazaar_IP_acc_Camera/1.0_student/quartus_project/Kvazaar_QSYS/synthesis/../../P                                                                ; --            ; --           ; --         ;
; MISC_FILE                            ; P:/shared_p/5/TUNI.fi/ip.hw/Kvazaar_QSYS/1.0_student/../../../product/Kvazaar_IP_acc_Camera/1.0_student/quartus_project/Kvazaar_QSYS/synthesis/Kvazaar_QSYS_hps_0_hps.svd                                             ; --            ; --           ; --         ;
; MISC_FILE                            ; P:/shared_p/5/TUNI.fi/ip.hw/Kvazaar_QSYS/1.0_student/../../../product/Kvazaar_IP_acc_Camera/1.0_student/quartus_project/Kvazaar_QSYS/synthesis/../../../../../../ip.hw/Kvazaar_QSYS/1.0_student/Kvazaar_QSYS.qsys     ; --            ; --           ; --         ;
; OPTIMIZATION_MODE                    ; High Performance Effort                                                                                                                                                                                               ; Balanced      ; --           ; --         ;
; OPTIMIZATION_TECHNIQUE               ; Speed                                                                                                                                                                                                                 ; Balanced      ; --           ; --         ;
; PARTITION_COLOR                      ; 16764057                                                                                                                                                                                                              ; --            ; --           ; Top        ;
; PARTITION_FITTER_PRESERVATION_LEVEL  ; PLACEMENT_AND_ROUTING                                                                                                                                                                                                 ; --            ; --           ; Top        ;
; PARTITION_NETLIST_TYPE               ; SOURCE                                                                                                                                                                                                                ; --            ; --           ; Top        ;
; PHYSICAL_SYNTHESIS_COMBO_LOGIC       ; On                                                                                                                                                                                                                    ; Off           ; --           ; --         ;
; PHYSICAL_SYNTHESIS_REGISTER_RETIMING ; On                                                                                                                                                                                                                    ; Off           ; --           ; --         ;
; PLACEMENT_EFFORT_MULTIPLIER          ; 4.0                                                                                                                                                                                                                   ; 1.0           ; --           ; --         ;
; POWER_BOARD_THERMAL_MODEL            ; None (CONSERVATIVE)                                                                                                                                                                                                   ; --            ; --           ; --         ;
; POWER_PRESET_COOLING_SOLUTION        ; 23 MM HEAT SINK WITH 200 LFPM AIRFLOW                                                                                                                                                                                 ; --            ; --           ; --         ;
; ROUTER_TIMING_OPTIMIZATION_LEVEL     ; MAXIMUM                                                                                                                                                                                                               ; Normal        ; --           ; --         ;
; SLD_FILE                             ; P:/shared_p/5/TUNI.fi/ip.hw/Kvazaar_QSYS/1.0_student/../../../product/Kvazaar_IP_acc_Camera/1.0_student/quartus_project/Kvazaar_QSYS/synthesis/Kvazaar_QSYS.regmap                                                    ; --            ; --           ; --         ;
; SLD_FILE                             ; P:/shared_p/5/TUNI.fi/ip.hw/Kvazaar_QSYS/1.0_student/../../../product/Kvazaar_IP_acc_Camera/1.0_student/quartus_project/Kvazaar_QSYS/synthesis/Kvazaar_QSYS.debuginfo                                                 ; --            ; --           ; --         ;
; SLD_INFO                             ; QSYS_NAME Kvazaar_QSYS HAS_SOPCINFO 1 GENERATION_ID 1618064002                                                                                                                                                        ; --            ; Kvazaar_QSYS ; --         ;
; SOPCINFO_FILE                        ; P:/shared_p/5/TUNI.fi/ip.hw/Kvazaar_QSYS/1.0_student/../../../product/Kvazaar_IP_acc_Camera/1.0_student/quartus_project/Kvazaar_QSYS/synthesis/../../../../../../ip.hw/Kvazaar_QSYS/1.0_student/Kvazaar_QSYS.sopcinfo ; --            ; --           ; --         ;
; SYNTHESIS_ONLY_QIP                   ; On                                                                                                                                                                                                                    ; --            ; --           ; --         ;
+--------------------------------------+-----------------------------------------------------------------------------------------------------------------------------------------------------------------------------------------------------------------------+---------------+--------------+------------+


+--------------------------------------------------------------------------------------------------------------------------+
; Flow Elapsed Time                                                                                                        ;
+----------------------+--------------+-------------------------+---------------------+------------------------------------+
; Module Name          ; Elapsed Time ; Average Processors Used ; Peak Virtual Memory ; Total CPU Time (on all processors) ;
+----------------------+--------------+-------------------------+---------------------+------------------------------------+
; Analysis & Synthesis ; 00:00:25     ; 1.0                     ; 5625 MB             ; 00:00:27                           ;
; Total                ; 00:00:25     ; --                      ; --                  ; 00:00:27                           ;
+----------------------+--------------+-------------------------+---------------------+------------------------------------+


+-----------------------------------------------------------------------------------+
; Flow OS Summary                                                                   ;
+----------------------+------------------+-----------+------------+----------------+
; Module Name          ; Machine Hostname ; OS Name   ; OS Version ; Processor type ;
+----------------------+------------------+-----------+------------+----------------+
; Analysis & Synthesis ; HTC219-710-SPC   ; Windows 8 ; 6.2        ; x86_64         ;
+----------------------+------------------+-----------+------------+----------------+


------------
; Flow Log ;
------------
quartus_map --read_settings_files=on --write_settings_files=off Kvazaar_IP_acc_Camera -c Kvazaar_IP_acc_Camera



